2021-21-15 09:10:56 0 0 8
2021-21-15 09:10:56 0 0 5
2021-22-15 09:10:06 0 1 8
2021-22-15 09:10:06 0 1 5
2021-22-15 09:10:16 0 2 5
2021-22-15 09:10:16 0 2 8
2021-22-15 09:10:26 0 3 5
2021-22-15 09:10:26 0 3 8
2021-22-15 09:10:36 0 4 5
2021-22-15 09:10:36 0 4 8
2021-22-15 09:10:46 0 5 8
2021-22-15 09:10:46 0 0 4
2021-22-15 09:10:56 0 6 8
2021-22-15 09:10:56 0 1 4
2021-23-15 09:10:06 0 7 8
2021-23-15 09:10:06 0 2 4
2021-23-15 09:10:16 0 3 4
2021-23-15 09:10:16 0 0 13
2021-23-15 09:10:22 0 1 13
2021-23-15 09:10:26 0 0 1
2021-23-15 09:10:28 0 2 13
2021-23-15 09:10:34 0 3 13
